Array
(
    [anwser] => Array
        (
            [0] => Array
                (
                    [acf_fc_layout] => question
                    [layout_settings] => Array
                        (
                            [conversation_start] => Array
                                (
                                    [0] => Array
                                        (
                                            [acf_fc_layout] => warunek
                                            [if] => scena
                                            [mission_select] => Array
                                                (
                                                    [mission_id] => 
                                                    [mission_status] => not_started
                                                    [mission_task_id] => 
                                                    [mission_task_status] => not_started
                                                )

                                            [scena] => start/peron
                                            [instation] => 
                                            [relation_select] => Array
                                                (
                                                    [relacja] => 
                                                    [operator] => 
                                                    [value] => 
                                                )

                                        )

                                )

                        )

                    [acfe_flexible_toggle] => 
                    [acfe_flexible_layout_title] => witaj
                    [id_pola] => witaj
                    [question] => 
zaciąga się szlugiem, patrzy na ciebie spode łba:


– Zadymiarz to ktoś, kto nie unika konfrontacji. To siła, zdecydowanie i obecność, która potrafi uciszyć całą ławkę jednym spojrzeniem. Jeśli wybierzesz tę drogę, musisz być gotów działać – nie gadać.


Masz naturalną przewagę w bezpośrednich starciach – bonus do Siły i Wytrzymałości daje ci przewagę w walce i pozwala dłużej utrzymać się na nogach, szybciej też uczysz się walczyć. Konflikty rozwiązujesz szybko i skutecznie, a relacje budujesz przez dominację – respekt zdobywasz pięściami, nie słowami.


Ale są rzeczy, których nie ogarniasz sam. Z handlem ci nie po drodze – kombinacje, przeliczenia, gadki przy bramie… to nie twoje podwórko. Dlatego dobrze mieć kogoś, kto potrafi – kumpla, co załatwi, co się da, zanim jeszcze otworzysz usta.


Ja mam brata – Toworisha. Kombinator jak się patrzy. On gada, ja stoję. On planuje, ja wykonuję. Ty też pomyśl, z kim się trzymać. Bo sam, nawet jak jesteś silny, nie zrobisz wszystkiego.


Zadymiarz to siła dzielnicy. Ale dzielnica to układ ludzi – bez nich, żadna siła nie wystarczy.



                    [anwsers] => Array
                        (
                            [0] => Array
                                (
                                    [acf_fc_layout] => anwser
                                    [layout_settings] => Array
                                        (
                                            [conversation_start] => 
                                        )

                                    [anwser_text] => Zostaję zadymiarzem
                                    [type_anwser] => 
                                    [go_to_id] => zadyma
                                )

                            [1] => Array
                                (
                                    [acf_fc_layout] => anwser
                                    [layout_settings] => Array
                                        (
                                            [conversation_start] => 
                                        )

                                    [anwser_text] => Daj pomyśleć
                                    [type_anwser] => 
                                    [go_to_id] => daj-pomyslec
                                )

                        )

                )

            [1] => Array
                (
                    [acf_fc_layout] => question
                    [layout_settings] => Array
                        (
                            [conversation_start] => Array
                                (
                                    [0] => Array
                                        (
                                            [acf_fc_layout] => warunek
                                            [if] => scena
                                            [mission_select] => Array
                                                (
                                                    [mission_id] => 
                                                    [mission_status] => not_started
                                                    [mission_task_id] => 
                                                    [mission_task_status] => not_started
                                                )

                                            [scena] => start/peron
                                            [instation] => 
                                            [relation_select] => Array
                                                (
                                                    [relacja] => 
                                                    [operator] => 
                                                    [value] => 
                                                )

                                        )

                                )

                        )

                    [acfe_flexible_toggle] => 
                    [acfe_flexible_layout_title] => zadyma
                    [id_pola] => zadyma
                    [question] => 
przytakuje głową, ale nie zmienia wyrazu twarzy:


Dobrze. Nie licz na litość, nie licz na odpoczynek.

Od teraz każdy cień może być ciosem, każda chwila ciszy – próbą siły.

Ale jak wytrzymasz… to nikt ci się nie spojrzy w oczy bez strachu.



                    [anwsers] => Array
                        (
                            [0] => Array
                                (
                                    [acf_fc_layout] => anwser
                                    [layout_settings] => Array
                                        (
                                            [conversation_start] => 
                                        )

                                    [anwser_text] => Pewnie mordo
                                    [type_anwser] => 
                                    [go_to_id] => wybor-klasy
                                )

                            [1] => Array
                                (
                                    [acf_fc_layout] => anwser
                                    [layout_settings] => Array
                                        (
                                            [conversation_start] => 
                                        )

                                    [anwser_text] => Jednak daj chwilę
                                    [type_anwser] => 
                                    [go_to_id] => daj-pomyslec
                                )

                        )

                )

            [2] => Array
                (
                    [acf_fc_layout] => question
                    [layout_settings] => Array
                        (
                            [conversation_start] => Array
                                (
                                    [0] => Array
                                        (
                                            [acf_fc_layout] => warunek
                                            [if] => scena
                                            [mission_select] => Array
                                                (
                                                    [mission_id] => 
                                                    [mission_status] => not_started
                                                    [mission_task_id] => 
                                                    [mission_task_status] => not_started
                                                )

                                            [scena] => start/peron
                                            [instation] => 
                                            [relation_select] => Array
                                                (
                                                    [relacja] => 
                                                    [operator] => 
                                                    [value] => 
                                                )

                                        )

                                )

                        )

                    [acfe_flexible_toggle] => 
                    [acfe_flexible_layout_title] => daj-pomyslec
                    [id_pola] => daj-pomyslec
                    [question] => 
(prycha, patrzy na ciebie z politowaniem):


No to idź się zastanów.

Może ci się jeszcze zachce życia bez siniaków.

Tylko pamiętaj — respektu się nie rozkminia, respekt się zdobywa.



                    [anwsers] => Array
                        (
                            [0] => Array
                                (
                                    [acf_fc_layout] => anwser
                                    [layout_settings] => Array
                                        (
                                            [conversation_start] => 
                                        )

                                    [anwser_text] => Spoko
                                    [type_anwser] => 
                                    [go_to_id] => 0
                                )

                        )

                )

            [3] => Array
                (
                    [acf_fc_layout] => question
                    [layout_settings] => Array
                        (
                            [conversation_start] => Array
                                (
                                    [0] => Array
                                        (
                                            [acf_fc_layout] => warunek
                                            [if] => instance
                                            [mission_select] => Array
                                                (
                                                    [mission_id] => 
                                                    [mission_status] => not_started
                                                    [mission_task_id] => 
                                                    [mission_task_status] => not_started
                                                )

                                            [scena] => 
                                            [instation] => start/peron
                                            [relation_select] => Array
                                                (
                                                    [relacja] => 
                                                    [operator] => 
                                                    [value] => 
                                                )

                                        )

                                )

                        )

                    [acfe_flexible_toggle] => 
                    [acfe_flexible_layout_title] => wybor-klasy
                    [id_pola] => wybor-klasy
                    [question] => 
Spoko, dobry wybór. A i jeszcze jedno… co to za koszulka? Olimpia Adrianowo?


Zdejmuj te barwy, zanim ktoś Ci je ściągnie razem ze skórą.


Tu są inne zasady, inna ziemia, rozumiesz?


Masz minutę. Potem nie ręczę za nic.



                    [anwsers] => Array
                        (
                            [0] => Array
                                (
                                    [acf_fc_layout] => anwser
                                    [layout_settings] => Array
                                        (
                                            [conversation_start] => Array
                                                (
                                                    [0] => Array
                                                        (
                                                            [acf_fc_layout] => warunek
                                                            [if] => mission
                                                            [mission_select] => Array
                                                                (
                                                                    [mission_id] => 247
                                                                    [mission_status] => not_started
                                                                    [mission_task_id] => zidentyfikuj-potencjalnych-klientow_0
                                                                    [mission_task_status] => not_started
                                                                )

                                                            [scena] => 
                                                            [instation] => 
                                                            [relation_select] => Array
                                                                (
                                                                    [relacja] => 
                                                                    [operator] => 
                                                                    [value] => 
                                                                )

                                                        )

                                                )

                                        )

                                    [anwser_text] => Już się przebieram
                                    [type_anwser] => Array
                                        (
                                            [0] => Array
                                                (
                                                    [acf_fc_layout] => function
                                                    [acfe_flexible_toggle] => 
                                                    [do_function] => SetClass
                                                    [page_url] => 
                                                )

                                        )

                                    [go_to_id] => 0
                                )

                        )

                )

            [4] => Array
                (
                    [acf_fc_layout] => question
                    [layout_settings] => Array
                        (
                            [conversation_start] => 
                        )

                    [acfe_flexible_toggle] => 
                    [acfe_flexible_layout_title] => siemanko-w-parku
                    [id_pola] => siemanko-w-parku
                    [question] => 
Ooo, patrz kto idzie. Mówiłem ostatnio Toworishowi, że długo cię nie widziałem.
Co tam, nudzisz się, czy znowu coś kombinujesz?



                    [anwsers] => Array
                        (
                            [0] => Array
                                (
                                    [acf_fc_layout] => anwser
                                    [layout_settings] => Array
                                        (
                                            [conversation_start] => Array
                                                (
                                                    [0] => Array
                                                        (
                                                            [acf_fc_layout] => warunek
                                                            [if] => mission
                                                            [mission_select] => Array
                                                                (
                                                                    [mission_id] => 247
                                                                    [mission_status] => not_started
                                                                    [mission_task_id] => zidentyfikuj-potencjalnych-klientow_0
                                                                    [mission_task_status] => not_started
                                                                )

                                                            [scena] => 
                                                            [instation] => 
                                                            [relation_select] => Array
                                                                (
                                                                    [relacja] => 
                                                                    [operator] => 
                                                                    [value] => 
                                                                )

                                                        )

                                                )

                                        )

                                    [anwser_text] => Masz może jakąś robotę dla mnie?
                                    [type_anwser] => Array
                                        (
                                            [0] => Array
                                                (
                                                    [acf_fc_layout] => mission
                                                    [acfe_flexible_toggle] => 
                                                    [mission_id] => 247
                                                    [mission_status] => in_progress
                                                    [mission_task_id] => odwiedz-sqout_1
                                                    [mission_task_status] => completed
                                                )

                                            [1] => Array
                                                (
                                                    [acf_fc_layout] => item
                                                    [acfe_flexible_toggle] => 
                                                    [item_action] => give
                                                    [item] => 212
                                                    [quantity] => 3
                                                )

                                        )

                                    [go_to_id] => moze-cos-by-sie-zarobilo
                                )

                            [1] => Array
                                (
                                    [acf_fc_layout] => anwser
                                    [layout_settings] => Array
                                        (
                                            [conversation_start] => 
                                        )

                                    [anwser_text] => Śpieszy mi się, na razie!
                                    [type_anwser] => 
                                    [go_to_id] => 0
                                )

                        )

                )

            [5] => Array
                (
                    [acf_fc_layout] => question
                    [layout_settings] => Array
                        (
                            [conversation_start] => 
                        )

                    [acfe_flexible_toggle] => 
                    [acfe_flexible_layout_title] => moze-cos-by-sie-zarobilo
                    [id_pola] => moze-cos-by-sie-zarobilo
                    [question] => 
A no tak się składa, że mam idealną robotę dla świeżaka. Mam bimber od dziadzi. Ale nie taki, co się go popija do śledzia w galarecie. Taki, co zżera farbę z metalu, rozumiesz? Jeden łyk i już widzisz własne myśli od tyłu.


Tego nie można dać pierwszemu z brzegu. Nie jakimś chłoptasiom z bloku obok, co jeszcze chodzą na WF. Nie tym, co mają mamę, która zrobi kanapki, jak im się głowa zakręci.


Ty masz to dać tym, co już dawno przepili wstyd. Takim, co śpią pod śmietnikiem i jak się zesrają, to nawet nie wstają.


Rozprowadź to, ale z łbem. Jak któryś zacznie się pluć, że coś mu się dzieje, to zgadnij kto będzie winny?

Ja? Nie. Ty.



                    [anwsers] => Array
                        (
                            [0] => Array
                                (
                                    [acf_fc_layout] => anwser
                                    [layout_settings] => Array
                                        (
                                            [conversation_start] => 
                                        )

                                    [anwser_text] => Spoko, daj te 5 flaszek to je pogonie
                                    [type_anwser] => Array
                                        (
                                            [0] => Array
                                                (
                                                    [acf_fc_layout] => item
                                                    [acfe_flexible_toggle] => 
                                                    [item_action] => give
                                                    [item] => 212
                                                    [quantity] => 5
                                                )

                                        )

                                    [go_to_id] => active-moze-cos-by-sie-zarobilo
                                )

                        )

                )

            [6] => Array
                (
                    [acf_fc_layout] => question
                    [layout_settings] => Array
                        (
                            [conversation_start] => 
                        )

                    [acfe_flexible_toggle] => 
                    [acfe_flexible_layout_title] => active-moze-cos-by-sie-zarobilo
                    [id_pola] => active-moze-cos-by-sie-zarobilo
                    [question] => 
Masz pięć flach, rozprowadź to – tak, żeby nikt nie płakał, nikt nie doniósł.

A jak zrobisz to dobrze… to może wreszcie pogadamy o czymś większym niż alkohol dla bezdomnych.



                    [anwsers] => Array
                        (
                            [0] => Array
                                (
                                    [acf_fc_layout] => anwser
                                    [layout_settings] => Array
                                        (
                                            [conversation_start] => 
                                        )

                                    [anwser_text] => Spoko, odezwę się jak to pogonię
                                    [type_anwser] => 
                                    [go_to_id] => 0
                                )

                        )

                )

        )

    [npc-relation-user-1] => 0
    [npc-meet-user-1] => 
)