[2025-05-30 19:52:42] Rozpoczęcie handle_admin_actions
--------------------------------------------------------------------------------
[2025-05-30 19:52:42] POST Data:
Data: Array
(
    [interval] => 60
    [_nonce] => de80dd3d24
    [action] => heartbeat
    [screen_id] => toplevel_page_game-users
    [has_focus] => false
)

--------------------------------------------------------------------------------
[2025-05-30 19:52:42] FILES Data:
Data: Array
(
)

--------------------------------------------------------------------------------
[2025-05-30 19:52:42] REQUEST URI:
Data: /wp-admin/admin-ajax.php
--------------------------------------------------------------------------------
[2025-05-30 19:52:42] Brak strony NPC w GET
--------------------------------------------------------------------------------
[2025-05-30 19:52:47] Rozpoczęcie handle_admin_actions
--------------------------------------------------------------------------------
[2025-05-30 19:52:47] POST Data:
Data: Array
(
    [interval] => 60
    [_nonce] => de80dd3d24
    [action] => heartbeat
    [screen_id] => npc-manager_page_npc-add
    [has_focus] => false
)

--------------------------------------------------------------------------------
[2025-05-30 19:52:47] FILES Data:
Data: Array
(
)

--------------------------------------------------------------------------------
[2025-05-30 19:52:47] REQUEST URI:
Data: /wp-admin/admin-ajax.php
--------------------------------------------------------------------------------
[2025-05-30 19:52:47] Brak strony NPC w GET
--------------------------------------------------------------------------------
[2025-05-30 19:53:39] Rozpoczęcie handle_admin_actions
--------------------------------------------------------------------------------
[2025-05-30 19:53:39] POST Data:
Data: Array
(
)

--------------------------------------------------------------------------------
[2025-05-30 19:53:39] FILES Data:
Data: Array
(
)

--------------------------------------------------------------------------------
[2025-05-30 19:53:39] REQUEST URI:
Data: /wp-admin/admin.php?page=npc-add&npc_id=1
--------------------------------------------------------------------------------
[2025-05-30 19:53:39] Nieprawidłowy nonce: 
--------------------------------------------------------------------------------
[2025-05-30 19:53:42] Rozpoczęcie handle_admin_actions
--------------------------------------------------------------------------------
[2025-05-30 19:53:42] POST Data:
Data: Array
(
    [action] => npc_get_answer
    [answer_id] => 19
    [nonce] => 0fa36598f8
)

--------------------------------------------------------------------------------
[2025-05-30 19:53:42] FILES Data:
Data: Array
(
)

--------------------------------------------------------------------------------
[2025-05-30 19:53:42] REQUEST URI:
Data: /wp-admin/admin-ajax.php
--------------------------------------------------------------------------------
[2025-05-30 19:53:42] Brak strony NPC w GET
--------------------------------------------------------------------------------
[2025-05-30 19:53:42] Rozpoczęcie handle_admin_actions
--------------------------------------------------------------------------------
[2025-05-30 19:53:42] POST Data:
Data: Array
(
    [action] => npc_get_items
    [nonce] => 0fa36598f8
)

--------------------------------------------------------------------------------
[2025-05-30 19:53:42] FILES Data:
Data: Array
(
)

--------------------------------------------------------------------------------
[2025-05-30 19:53:42] REQUEST URI:
Data: /wp-admin/admin-ajax.php
--------------------------------------------------------------------------------
[2025-05-30 19:53:42] Brak strony NPC w GET
--------------------------------------------------------------------------------
[2025-05-30 19:53:52] Rozpoczęcie handle_admin_actions
--------------------------------------------------------------------------------
[2025-05-30 19:53:52] POST Data:
Data: Array
(
    [data] => Array
        (
            [wp-refresh-post-lock] => Array
                (
                    [post_id] => 283
                    [lock] => 1748634711:1
                )

            [wp-refresh-post-nonces] => Array
                (
                    [post_id] => 283
                )

        )

    [interval] => 10
    [_nonce] => de80dd3d24
    [action] => heartbeat
    [screen_id] => events
    [has_focus] => false
)

--------------------------------------------------------------------------------
[2025-05-30 19:53:52] FILES Data:
Data: Array
(
)

--------------------------------------------------------------------------------
[2025-05-30 19:53:52] REQUEST URI:
Data: /wp-admin/admin-ajax.php
--------------------------------------------------------------------------------
[2025-05-30 19:53:52] Brak strony NPC w GET
--------------------------------------------------------------------------------
[2025-05-30 19:53:53] Rozpoczęcie handle_admin_actions
--------------------------------------------------------------------------------
[2025-05-30 19:53:53] POST Data:
Data: Array
(
    [npc_nonce] => fa45bf8476
    [_wp_http_referer] => /wp-admin/admin.php?page=npc-add&npc_id=1
    [action] => update_answer
    [npc_id] => 1
    [dialog_id] => 
    [answer_id] => 19
    [answer_text] => Nowa odpowiedź
    [answer_next_dialog_id] => 5
    [answer_actions] => [{\"type\":\"modify_items\",\"params\":{\"amount\":\"1\",\"item_id\":\"122\"}},{\"type\":\"modify_items\",\"params\":{\"item_id\":\"0\",\"amount\":\"1\"}}]
    [template_amount] => 1
    [template_stat] => strength
    [template_skill] => combat
    [template_enemy_id] => 0
    [template_combat_type] => normal
    [template_item_id] => 0
    [template_location_id] => 0
    [answer_order] => 0
)

--------------------------------------------------------------------------------
[2025-05-30 19:53:53] FILES Data:
Data: Array
(
)

--------------------------------------------------------------------------------
[2025-05-30 19:53:53] REQUEST URI:
Data: /wp-admin/admin.php?page=npc-add
--------------------------------------------------------------------------------
[2025-05-30 19:53:53] Akcja:
Data: update_answer
--------------------------------------------------------------------------------
[2025-05-30 19:53:53] Rozpoczęcie obsługi update_answer
--------------------------------------------------------------------------------
[2025-05-30 19:53:53] Rozpoczęcie aktualizacji odpowiedzi
--------------------------------------------------------------------------------
[2025-05-30 19:53:53] POST Data:
Data: Array
(
    [npc_nonce] => fa45bf8476
    [_wp_http_referer] => /wp-admin/admin.php?page=npc-add&npc_id=1
    [action] => update_answer
    [npc_id] => 1
    [dialog_id] => 
    [answer_id] => 19
    [answer_text] => Nowa odpowiedź
    [answer_next_dialog_id] => 5
    [answer_actions] => [{\"type\":\"modify_items\",\"params\":{\"amount\":\"1\",\"item_id\":\"122\"}},{\"type\":\"modify_items\",\"params\":{\"item_id\":\"0\",\"amount\":\"1\"}}]
    [template_amount] => 1
    [template_stat] => strength
    [template_skill] => combat
    [template_enemy_id] => 0
    [template_combat_type] => normal
    [template_item_id] => 0
    [template_location_id] => 0
    [answer_order] => 0
)

--------------------------------------------------------------------------------
[2025-05-30 19:53:53] FILES Data:
Data: Array
(
)

--------------------------------------------------------------------------------
[2025-05-30 19:53:53] REQUEST URI:
Data: /wp-admin/admin.php?page=npc-add
--------------------------------------------------------------------------------
[2025-05-30 19:53:53] ID odpowiedzi:
Data: 19
--------------------------------------------------------------------------------
[2025-05-30 19:53:53] ID NPC:
Data: 1
--------------------------------------------------------------------------------
[2025-05-30 19:53:53] Akcje:
Data: Array
(
    [0] => Array
        (
            [type] => modify_items
            [params] => Array
                (
                    [amount] => 1
                    [item_id] => 122
                )

        )

    [1] => Array
        (
            [type] => modify_items
            [params] => Array
                (
                    [item_id] => 0
                    [amount] => 1
                )

        )

)

--------------------------------------------------------------------------------
[2025-05-30 19:53:53] Dane do aktualizacji:
Data: Array
(
    [text] => Nowa odpowiedź
    [next_dialog_id] => 5
    [answer_order] => 0
    [actions] => Array
        (
            [0] => Array
                (
                    [type] => modify_items
                    [params] => Array
                        (
                            [amount] => 1
                            [item_id] => 122
                        )

                )

            [1] => Array
                (
                    [type] => modify_items
                    [params] => Array
                        (
                            [item_id] => 0
                            [amount] => 1
                        )

                )

        )

)

--------------------------------------------------------------------------------
[2025-05-30 19:53:53] Wynik aktualizacji:
Data: 1
--------------------------------------------------------------------------------
[2025-05-30 19:53:53] Aktualizacja udana, przekierowanie do:
Data: http://seb.soeasy.it/wp-admin/admin.php?page=npc-add&npc_id=1&message=answer_updated
--------------------------------------------------------------------------------
[2025-05-30 19:53:53] Rozpoczęcie handle_admin_actions
--------------------------------------------------------------------------------
[2025-05-30 19:53:53] POST Data:
Data: Array
(
)

--------------------------------------------------------------------------------
[2025-05-30 19:53:53] FILES Data:
Data: Array
(
)

--------------------------------------------------------------------------------
[2025-05-30 19:53:53] REQUEST URI:
Data: /wp-admin/admin.php?page=npc-add&npc_id=1&message=answer_updated
--------------------------------------------------------------------------------
[2025-05-30 19:53:53] Nieprawidłowy nonce: 
--------------------------------------------------------------------------------
[2025-05-30 19:53:54] Rozpoczęcie handle_admin_actions
--------------------------------------------------------------------------------
[2025-05-30 19:53:54] POST Data:
Data: Array
(
    [action] => npc_get_answer
    [answer_id] => 19
    [nonce] => 0fa36598f8
)

--------------------------------------------------------------------------------
[2025-05-30 19:53:54] FILES Data:
Data: Array
(
)

--------------------------------------------------------------------------------
[2025-05-30 19:53:54] REQUEST URI:
Data: /wp-admin/admin-ajax.php
--------------------------------------------------------------------------------
[2025-05-30 19:53:54] Brak strony NPC w GET
--------------------------------------------------------------------------------
[2025-05-30 19:53:54] Rozpoczęcie handle_admin_actions
--------------------------------------------------------------------------------
[2025-05-30 19:53:54] POST Data:
Data: Array
(
    [action] => npc_get_items
    [nonce] => 0fa36598f8
)

--------------------------------------------------------------------------------
[2025-05-30 19:53:54] FILES Data:
Data: Array
(
)

--------------------------------------------------------------------------------
[2025-05-30 19:53:54] REQUEST URI:
Data: /wp-admin/admin-ajax.php
--------------------------------------------------------------------------------
[2025-05-30 19:53:54] Brak strony NPC w GET
--------------------------------------------------------------------------------
[2025-05-30 19:53:54] Rozpoczęcie handle_admin_actions
--------------------------------------------------------------------------------
[2025-05-30 19:53:54] POST Data:
Data: Array
(
    [action] => npc_get_items
    [nonce] => 0fa36598f8
)

--------------------------------------------------------------------------------
[2025-05-30 19:53:54] FILES Data:
Data: Array
(
)

--------------------------------------------------------------------------------
[2025-05-30 19:53:54] REQUEST URI:
Data: /wp-admin/admin-ajax.php
--------------------------------------------------------------------------------
[2025-05-30 19:53:54] Brak strony NPC w GET
--------------------------------------------------------------------------------
[2025-05-30 19:53:58] Rozpoczęcie handle_admin_actions
--------------------------------------------------------------------------------
[2025-05-30 19:53:58] POST Data:
Data: Array
(
    [npc_nonce] => fa45bf8476
    [_wp_http_referer] => /wp-admin/admin.php?page=npc-add&npc_id=1&message=answer_updated
    [action] => update_answer
    [npc_id] => 1
    [dialog_id] => 
    [answer_id] => 19
    [answer_text] => Nowa odpowiedź
    [answer_next_dialog_id] => 5
    [answer_actions] => [{\"type\":\"modify_items\",\"params\":{\"amount\":\"1\",\"item_id\":\"122\"}},{\"type\":\"modify_items\",\"params\":{\"item_id\":\"0\",\"amount\":\"1\"}}]
    [template_amount] => 1
    [template_stat] => strength
    [template_skill] => combat
    [template_enemy_id] => 0
    [template_combat_type] => normal
    [template_item_id] => 0
    [template_location_id] => 0
    [answer_order] => 0
)

--------------------------------------------------------------------------------
[2025-05-30 19:53:58] FILES Data:
Data: Array
(
)

--------------------------------------------------------------------------------
[2025-05-30 19:53:58] REQUEST URI:
Data: /wp-admin/admin.php?page=npc-add
--------------------------------------------------------------------------------
[2025-05-30 19:53:58] Akcja:
Data: update_answer
--------------------------------------------------------------------------------
[2025-05-30 19:53:58] Rozpoczęcie obsługi update_answer
--------------------------------------------------------------------------------
[2025-05-30 19:53:58] Rozpoczęcie aktualizacji odpowiedzi
--------------------------------------------------------------------------------
[2025-05-30 19:53:58] POST Data:
Data: Array
(
    [npc_nonce] => fa45bf8476
    [_wp_http_referer] => /wp-admin/admin.php?page=npc-add&npc_id=1&message=answer_updated
    [action] => update_answer
    [npc_id] => 1
    [dialog_id] => 
    [answer_id] => 19
    [answer_text] => Nowa odpowiedź
    [answer_next_dialog_id] => 5
    [answer_actions] => [{\"type\":\"modify_items\",\"params\":{\"amount\":\"1\",\"item_id\":\"122\"}},{\"type\":\"modify_items\",\"params\":{\"item_id\":\"0\",\"amount\":\"1\"}}]
    [template_amount] => 1
    [template_stat] => strength
    [template_skill] => combat
    [template_enemy_id] => 0
    [template_combat_type] => normal
    [template_item_id] => 0
    [template_location_id] => 0
    [answer_order] => 0
)

--------------------------------------------------------------------------------
[2025-05-30 19:53:58] FILES Data:
Data: Array
(
)

--------------------------------------------------------------------------------
[2025-05-30 19:53:58] REQUEST URI:
Data: /wp-admin/admin.php?page=npc-add
--------------------------------------------------------------------------------
[2025-05-30 19:53:58] ID odpowiedzi:
Data: 19
--------------------------------------------------------------------------------
[2025-05-30 19:53:58] ID NPC:
Data: 1
--------------------------------------------------------------------------------
[2025-05-30 19:53:58] Akcje:
Data: Array
(
    [0] => Array
        (
            [type] => modify_items
            [params] => Array
                (
                    [amount] => 1
                    [item_id] => 122
                )

        )

    [1] => Array
        (
            [type] => modify_items
            [params] => Array
                (
                    [item_id] => 0
                    [amount] => 1
                )

        )

)

--------------------------------------------------------------------------------
[2025-05-30 19:53:58] Dane do aktualizacji:
Data: Array
(
    [text] => Nowa odpowiedź
    [next_dialog_id] => 5
    [answer_order] => 0
    [actions] => Array
        (
            [0] => Array
                (
                    [type] => modify_items
                    [params] => Array
                        (
                            [amount] => 1
                            [item_id] => 122
                        )

                )

            [1] => Array
                (
                    [type] => modify_items
                    [params] => Array
                        (
                            [item_id] => 0
                            [amount] => 1
                        )

                )

        )

)

--------------------------------------------------------------------------------
[2025-05-30 19:53:58] Wynik aktualizacji:
Data: 0
--------------------------------------------------------------------------------
[2025-05-30 19:53:58] Aktualizacja udana, przekierowanie do:
Data: http://seb.soeasy.it/wp-admin/admin.php?page=npc-add&npc_id=1&message=answer_updated
--------------------------------------------------------------------------------
[2025-05-30 19:53:58] Rozpoczęcie handle_admin_actions
--------------------------------------------------------------------------------
[2025-05-30 19:53:58] POST Data:
Data: Array
(
)

--------------------------------------------------------------------------------
[2025-05-30 19:53:58] FILES Data:
Data: Array
(
)

--------------------------------------------------------------------------------
[2025-05-30 19:53:58] REQUEST URI:
Data: /wp-admin/admin.php?page=npc-add&npc_id=1&message=answer_updated
--------------------------------------------------------------------------------
[2025-05-30 19:53:58] Nieprawidłowy nonce: 
--------------------------------------------------------------------------------
[2025-05-30 19:53:59] Rozpoczęcie handle_admin_actions
--------------------------------------------------------------------------------
[2025-05-30 19:53:59] POST Data:
Data: Array
(
    [action] => npc_get_answer
    [answer_id] => 19
    [nonce] => 0fa36598f8
)

--------------------------------------------------------------------------------
[2025-05-30 19:53:59] FILES Data:
Data: Array
(
)

--------------------------------------------------------------------------------
[2025-05-30 19:53:59] REQUEST URI:
Data: /wp-admin/admin-ajax.php
--------------------------------------------------------------------------------
[2025-05-30 19:53:59] Brak strony NPC w GET
--------------------------------------------------------------------------------
[2025-05-30 19:54:00] Rozpoczęcie handle_admin_actions
--------------------------------------------------------------------------------
[2025-05-30 19:54:00] POST Data:
Data: Array
(
    [action] => npc_get_items
    [nonce] => 0fa36598f8
)

--------------------------------------------------------------------------------
[2025-05-30 19:54:00] FILES Data:
Data: Array
(
)

--------------------------------------------------------------------------------
[2025-05-30 19:54:00] REQUEST URI:
Data: /wp-admin/admin-ajax.php
--------------------------------------------------------------------------------
[2025-05-30 19:54:00] Brak strony NPC w GET
--------------------------------------------------------------------------------
[2025-05-30 19:54:00] Rozpoczęcie handle_admin_actions
--------------------------------------------------------------------------------
[2025-05-30 19:54:00] POST Data:
Data: Array
(
    [action] => npc_get_items
    [nonce] => 0fa36598f8
)

--------------------------------------------------------------------------------
[2025-05-30 19:54:00] FILES Data:
Data: Array
(
)

--------------------------------------------------------------------------------
[2025-05-30 19:54:00] REQUEST URI:
Data: /wp-admin/admin-ajax.php
--------------------------------------------------------------------------------
[2025-05-30 19:54:00] Brak strony NPC w GET
--------------------------------------------------------------------------------
[2025-05-30 19:54:10] Rozpoczęcie handle_admin_actions
--------------------------------------------------------------------------------
[2025-05-30 19:54:10] POST Data:
Data: Array
(
    [npc_nonce] => fa45bf8476
    [_wp_http_referer] => /wp-admin/admin.php?page=npc-add&npc_id=1&message=answer_updated
    [action] => update_answer
    [npc_id] => 1
    [dialog_id] => 
    [answer_id] => 19
    [answer_text] => Nowa odpowiedź
    [answer_next_dialog_id] => 5
    [answer_actions] => [{\"type\":\"modify_items\",\"params\":{\"amount\":\"1\",\"item_id\":\"122\"}},{\"type\":\"modify_exp\",\"params\":{\"amount\":\"200\"}},{\"type\":\"modify_items\",\"params\":{\"item_id\":\"0\",\"amount\":\"1\"}}]
    [template_amount] => 1
    [template_stat] => strength
    [template_skill] => combat
    [template_enemy_id] => 0
    [template_combat_type] => normal
    [template_item_id] => 0
    [template_location_id] => 0
    [answer_order] => 0
)

--------------------------------------------------------------------------------
[2025-05-30 19:54:10] FILES Data:
Data: Array
(
)

--------------------------------------------------------------------------------
[2025-05-30 19:54:10] REQUEST URI:
Data: /wp-admin/admin.php?page=npc-add
--------------------------------------------------------------------------------
[2025-05-30 19:54:10] Akcja:
Data: update_answer
--------------------------------------------------------------------------------
[2025-05-30 19:54:10] Rozpoczęcie obsługi update_answer
--------------------------------------------------------------------------------
[2025-05-30 19:54:10] Rozpoczęcie aktualizacji odpowiedzi
--------------------------------------------------------------------------------
[2025-05-30 19:54:10] POST Data:
Data: Array
(
    [npc_nonce] => fa45bf8476
    [_wp_http_referer] => /wp-admin/admin.php?page=npc-add&npc_id=1&message=answer_updated
    [action] => update_answer
    [npc_id] => 1
    [dialog_id] => 
    [answer_id] => 19
    [answer_text] => Nowa odpowiedź
    [answer_next_dialog_id] => 5
    [answer_actions] => [{\"type\":\"modify_items\",\"params\":{\"amount\":\"1\",\"item_id\":\"122\"}},{\"type\":\"modify_exp\",\"params\":{\"amount\":\"200\"}},{\"type\":\"modify_items\",\"params\":{\"item_id\":\"0\",\"amount\":\"1\"}}]
    [template_amount] => 1
    [template_stat] => strength
    [template_skill] => combat
    [template_enemy_id] => 0
    [template_combat_type] => normal
    [template_item_id] => 0
    [template_location_id] => 0
    [answer_order] => 0
)

--------------------------------------------------------------------------------
[2025-05-30 19:54:10] FILES Data:
Data: Array
(
)

--------------------------------------------------------------------------------
[2025-05-30 19:54:10] REQUEST URI:
Data: /wp-admin/admin.php?page=npc-add
--------------------------------------------------------------------------------
[2025-05-30 19:54:10] ID odpowiedzi:
Data: 19
--------------------------------------------------------------------------------
[2025-05-30 19:54:10] ID NPC:
Data: 1
--------------------------------------------------------------------------------
[2025-05-30 19:54:10] Akcje:
Data: Array
(
    [0] => Array
        (
            [type] => modify_items
            [params] => Array
                (
                    [amount] => 1
                    [item_id] => 122
                )

        )

    [1] => Array
        (
            [type] => modify_exp
            [params] => Array
                (
                    [amount] => 200
                )

        )

    [2] => Array
        (
            [type] => modify_items
            [params] => Array
                (
                    [item_id] => 0
                    [amount] => 1
                )

        )

)

--------------------------------------------------------------------------------
[2025-05-30 19:54:10] Dane do aktualizacji:
Data: Array
(
    [text] => Nowa odpowiedź
    [next_dialog_id] => 5
    [answer_order] => 0
    [actions] => Array
        (
            [0] => Array
                (
                    [type] => modify_items
                    [params] => Array
                        (
                            [amount] => 1
                            [item_id] => 122
                        )

                )

            [1] => Array
                (
                    [type] => modify_exp
                    [params] => Array
                        (
                            [amount] => 200
                        )

                )

            [2] => Array
                (
                    [type] => modify_items
                    [params] => Array
                        (
                            [item_id] => 0
                            [amount] => 1
                        )

                )

        )

)

--------------------------------------------------------------------------------
[2025-05-30 19:54:10] Wynik aktualizacji:
Data: 1
--------------------------------------------------------------------------------
[2025-05-30 19:54:10] Aktualizacja udana, przekierowanie do:
Data: http://seb.soeasy.it/wp-admin/admin.php?page=npc-add&npc_id=1&message=answer_updated
--------------------------------------------------------------------------------
[2025-05-30 19:54:10] Rozpoczęcie handle_admin_actions
--------------------------------------------------------------------------------
[2025-05-30 19:54:10] POST Data:
Data: Array
(
)

--------------------------------------------------------------------------------
[2025-05-30 19:54:10] FILES Data:
Data: Array
(
)

--------------------------------------------------------------------------------
[2025-05-30 19:54:10] REQUEST URI:
Data: /wp-admin/admin.php?page=npc-add&npc_id=1&message=answer_updated
--------------------------------------------------------------------------------
[2025-05-30 19:54:10] Nieprawidłowy nonce: 
--------------------------------------------------------------------------------
[2025-05-30 19:54:11] Rozpoczęcie handle_admin_actions
--------------------------------------------------------------------------------
[2025-05-30 19:54:11] POST Data:
Data: Array
(
    [action] => npc_get_answer
    [answer_id] => 19
    [nonce] => 0fa36598f8
)

--------------------------------------------------------------------------------
[2025-05-30 19:54:11] FILES Data:
Data: Array
(
)

--------------------------------------------------------------------------------
[2025-05-30 19:54:11] REQUEST URI:
Data: /wp-admin/admin-ajax.php
--------------------------------------------------------------------------------
[2025-05-30 19:54:11] Brak strony NPC w GET
--------------------------------------------------------------------------------
[2025-05-30 19:54:12] Rozpoczęcie handle_admin_actions
--------------------------------------------------------------------------------
[2025-05-30 19:54:12] POST Data:
Data: Array
(
    [action] => npc_get_items
    [nonce] => 0fa36598f8
)

--------------------------------------------------------------------------------
[2025-05-30 19:54:12] FILES Data:
Data: Array
(
)

--------------------------------------------------------------------------------
[2025-05-30 19:54:12] REQUEST URI:
Data: /wp-admin/admin-ajax.php
--------------------------------------------------------------------------------
[2025-05-30 19:54:12] Brak strony NPC w GET
--------------------------------------------------------------------------------
[2025-05-30 19:54:12] Rozpoczęcie handle_admin_actions
--------------------------------------------------------------------------------
[2025-05-30 19:54:12] POST Data:
Data: Array
(
    [action] => npc_get_items
    [nonce] => 0fa36598f8
)

--------------------------------------------------------------------------------
[2025-05-30 19:54:12] FILES Data:
Data: Array
(
)

--------------------------------------------------------------------------------
[2025-05-30 19:54:12] REQUEST URI:
Data: /wp-admin/admin-ajax.php
--------------------------------------------------------------------------------
[2025-05-30 19:54:12] Brak strony NPC w GET
--------------------------------------------------------------------------------
[2025-05-30 19:54:23] Rozpoczęcie handle_admin_actions
--------------------------------------------------------------------------------
[2025-05-30 19:54:23] POST Data:
Data: Array
(
    [npc_nonce] => fa45bf8476
    [_wp_http_referer] => /wp-admin/admin.php?page=npc-add&npc_id=1&message=answer_updated
    [action] => update_answer
    [npc_id] => 1
    [dialog_id] => 
    [answer_id] => 19
    [answer_text] => Nowa odpowiedź
    [answer_next_dialog_id] => 5
    [answer_actions] => [{\"type\":\"modify_items\",\"params\":{\"amount\":\"1\",\"item_id\":\"122\"}},{\"type\":\"modify_items\",\"params\":{\"item_id\":\"0\",\"amount\":\"1\"}}]
    [template_amount] => 1
    [template_stat] => strength
    [template_skill] => combat
    [template_enemy_id] => 0
    [template_combat_type] => normal
    [template_item_id] => 0
    [template_location_id] => 0
    [answer_order] => 0
)

--------------------------------------------------------------------------------
[2025-05-30 19:54:23] FILES Data:
Data: Array
(
)

--------------------------------------------------------------------------------
[2025-05-30 19:54:23] REQUEST URI:
Data: /wp-admin/admin.php?page=npc-add
--------------------------------------------------------------------------------
[2025-05-30 19:54:23] Akcja:
Data: update_answer
--------------------------------------------------------------------------------
[2025-05-30 19:54:23] Rozpoczęcie obsługi update_answer
--------------------------------------------------------------------------------
[2025-05-30 19:54:23] Rozpoczęcie aktualizacji odpowiedzi
--------------------------------------------------------------------------------
[2025-05-30 19:54:23] POST Data:
Data: Array
(
    [npc_nonce] => fa45bf8476
    [_wp_http_referer] => /wp-admin/admin.php?page=npc-add&npc_id=1&message=answer_updated
    [action] => update_answer
    [npc_id] => 1
    [dialog_id] => 
    [answer_id] => 19
    [answer_text] => Nowa odpowiedź
    [answer_next_dialog_id] => 5
    [answer_actions] => [{\"type\":\"modify_items\",\"params\":{\"amount\":\"1\",\"item_id\":\"122\"}},{\"type\":\"modify_items\",\"params\":{\"item_id\":\"0\",\"amount\":\"1\"}}]
    [template_amount] => 1
    [template_stat] => strength
    [template_skill] => combat
    [template_enemy_id] => 0
    [template_combat_type] => normal
    [template_item_id] => 0
    [template_location_id] => 0
    [answer_order] => 0
)

--------------------------------------------------------------------------------
[2025-05-30 19:54:23] FILES Data:
Data: Array
(
)

--------------------------------------------------------------------------------
[2025-05-30 19:54:23] REQUEST URI:
Data: /wp-admin/admin.php?page=npc-add
--------------------------------------------------------------------------------
[2025-05-30 19:54:23] ID odpowiedzi:
Data: 19
--------------------------------------------------------------------------------
[2025-05-30 19:54:23] ID NPC:
Data: 1
--------------------------------------------------------------------------------
[2025-05-30 19:54:23] Akcje:
Data: Array
(
    [0] => Array
        (
            [type] => modify_items
            [params] => Array
                (
                    [amount] => 1
                    [item_id] => 122
                )

        )

    [1] => Array
        (
            [type] => modify_items
            [params] => Array
                (
                    [item_id] => 0
                    [amount] => 1
                )

        )

)

--------------------------------------------------------------------------------
[2025-05-30 19:54:23] Dane do aktualizacji:
Data: Array
(
    [text] => Nowa odpowiedź
    [next_dialog_id] => 5
    [answer_order] => 0
    [actions] => Array
        (
            [0] => Array
                (
                    [type] => modify_items
                    [params] => Array
                        (
                            [amount] => 1
                            [item_id] => 122
                        )

                )

            [1] => Array
                (
                    [type] => modify_items
                    [params] => Array
                        (
                            [item_id] => 0
                            [amount] => 1
                        )

                )

        )

)

--------------------------------------------------------------------------------
[2025-05-30 19:54:23] Wynik aktualizacji:
Data: 1
--------------------------------------------------------------------------------
[2025-05-30 19:54:23] Aktualizacja udana, przekierowanie do:
Data: http://seb.soeasy.it/wp-admin/admin.php?page=npc-add&npc_id=1&message=answer_updated
--------------------------------------------------------------------------------
[2025-05-30 19:54:23] Rozpoczęcie handle_admin_actions
--------------------------------------------------------------------------------
[2025-05-30 19:54:23] POST Data:
Data: Array
(
)

--------------------------------------------------------------------------------
[2025-05-30 19:54:23] FILES Data:
Data: Array
(
)

--------------------------------------------------------------------------------
[2025-05-30 19:54:23] REQUEST URI:
Data: /wp-admin/admin.php?page=npc-add&npc_id=1&message=answer_updated
--------------------------------------------------------------------------------
[2025-05-30 19:54:23] Nieprawidłowy nonce: 
--------------------------------------------------------------------------------
[2025-05-30 19:54:24] Rozpoczęcie handle_admin_actions
--------------------------------------------------------------------------------
[2025-05-30 19:54:24] POST Data:
Data: Array
(
    [action] => npc_get_answer
    [answer_id] => 19
    [nonce] => 0fa36598f8
)

--------------------------------------------------------------------------------
[2025-05-30 19:54:24] FILES Data:
Data: Array
(
)

--------------------------------------------------------------------------------
[2025-05-30 19:54:24] REQUEST URI:
Data: /wp-admin/admin-ajax.php
--------------------------------------------------------------------------------
[2025-05-30 19:54:24] Brak strony NPC w GET
--------------------------------------------------------------------------------
[2025-05-30 19:54:24] Rozpoczęcie handle_admin_actions
--------------------------------------------------------------------------------
[2025-05-30 19:54:24] POST Data:
Data: Array
(
    [action] => npc_get_items
    [nonce] => 0fa36598f8
)

--------------------------------------------------------------------------------
[2025-05-30 19:54:24] FILES Data:
Data: Array
(
)

--------------------------------------------------------------------------------
[2025-05-30 19:54:24] REQUEST URI:
Data: /wp-admin/admin-ajax.php
--------------------------------------------------------------------------------
[2025-05-30 19:54:24] Brak strony NPC w GET
--------------------------------------------------------------------------------
[2025-05-30 19:54:24] Rozpoczęcie handle_admin_actions
--------------------------------------------------------------------------------
[2025-05-30 19:54:24] POST Data:
Data: Array
(
    [action] => npc_get_items
    [nonce] => 0fa36598f8
)

--------------------------------------------------------------------------------
[2025-05-30 19:54:24] FILES Data:
Data: Array
(
)

--------------------------------------------------------------------------------
[2025-05-30 19:54:24] REQUEST URI:
Data: /wp-admin/admin-ajax.php
--------------------------------------------------------------------------------
[2025-05-30 19:54:24] Brak strony NPC w GET
--------------------------------------------------------------------------------
[2025-05-30 19:54:43] Rozpoczęcie handle_admin_actions
--------------------------------------------------------------------------------
[2025-05-30 19:54:43] POST Data:
Data: Array
(
    [interval] => 60
    [_nonce] => de80dd3d24
    [action] => heartbeat
    [screen_id] => toplevel_page_game-users
    [has_focus] => false
)

--------------------------------------------------------------------------------
[2025-05-30 19:54:43] FILES Data:
Data: Array
(
)

--------------------------------------------------------------------------------
[2025-05-30 19:54:43] REQUEST URI:
Data: /wp-admin/admin-ajax.php
--------------------------------------------------------------------------------
[2025-05-30 19:54:43] Brak strony NPC w GET
--------------------------------------------------------------------------------
[2025-05-30 19:55:06] Rozpoczęcie handle_admin_actions
--------------------------------------------------------------------------------
[2025-05-30 19:55:06] Rozpoczęcie handle_admin_actions
--------------------------------------------------------------------------------
[2025-05-30 19:55:06] POST Data:
Data: Array
(
    [action] => npc_get_locations_with_scenes
    [nonce] => 0fa36598f8
)

--------------------------------------------------------------------------------
[2025-05-30 19:55:06] POST Data:
Data: Array
(
    [action] => npc_get_locations_with_scenes
    [nonce] => 0fa36598f8
)

--------------------------------------------------------------------------------
[2025-05-30 19:55:06] FILES Data:
Data: Array
(
)

--------------------------------------------------------------------------------
[2025-05-30 19:55:06] FILES Data:
Data: Array
(
)

--------------------------------------------------------------------------------
[2025-05-30 19:55:06] REQUEST URI:
Data: /wp-admin/admin-ajax.php
--------------------------------------------------------------------------------
[2025-05-30 19:55:06] REQUEST URI:
Data: /wp-admin/admin-ajax.php
--------------------------------------------------------------------------------
[2025-05-30 19:55:06] Brak strony NPC w GET
--------------------------------------------------------------------------------
[2025-05-30 19:55:06] Brak strony NPC w GET
--------------------------------------------------------------------------------
[2025-05-30 19:55:15] Rozpoczęcie handle_admin_actions
--------------------------------------------------------------------------------
[2025-05-30 19:55:15] POST Data:
Data: Array
(
)

--------------------------------------------------------------------------------
[2025-05-30 19:55:15] FILES Data:
Data: Array
(
)

--------------------------------------------------------------------------------
[2025-05-30 19:55:15] REQUEST URI:
Data: /wp-admin/admin.php?page=npc-add&npc_id=1
--------------------------------------------------------------------------------
[2025-05-30 19:55:15] Nieprawidłowy nonce: 
--------------------------------------------------------------------------------
[2025-05-30 19:55:16] Rozpoczęcie handle_admin_actions
--------------------------------------------------------------------------------
[2025-05-30 19:55:16] POST Data:
Data: Array
(
    [action] => npc_get_answer
    [answer_id] => 19
    [nonce] => 0fa36598f8
)

--------------------------------------------------------------------------------
[2025-05-30 19:55:16] FILES Data:
Data: Array
(
)

--------------------------------------------------------------------------------
[2025-05-30 19:55:16] REQUEST URI:
Data: /wp-admin/admin-ajax.php
--------------------------------------------------------------------------------
[2025-05-30 19:55:16] Brak strony NPC w GET
--------------------------------------------------------------------------------
[2025-05-30 19:55:16] Rozpoczęcie handle_admin_actions
--------------------------------------------------------------------------------
[2025-05-30 19:55:16] POST Data:
Data: Array
(
    [action] => npc_get_items
    [nonce] => 0fa36598f8
)

--------------------------------------------------------------------------------
[2025-05-30 19:55:16] FILES Data:
Data: Array
(
)

--------------------------------------------------------------------------------
[2025-05-30 19:55:16] REQUEST URI:
Data: /wp-admin/admin-ajax.php
--------------------------------------------------------------------------------
[2025-05-30 19:55:16] Brak strony NPC w GET
--------------------------------------------------------------------------------
[2025-05-30 19:55:16] Rozpoczęcie handle_admin_actions
--------------------------------------------------------------------------------
[2025-05-30 19:55:16] POST Data:
Data: Array
(
    [action] => npc_get_items
    [nonce] => 0fa36598f8
)

--------------------------------------------------------------------------------
[2025-05-30 19:55:16] FILES Data:
Data: Array
(
)

--------------------------------------------------------------------------------
[2025-05-30 19:55:16] REQUEST URI:
Data: /wp-admin/admin-ajax.php
--------------------------------------------------------------------------------
[2025-05-30 19:55:16] Brak strony NPC w GET
--------------------------------------------------------------------------------
[2025-05-30 19:55:53] Rozpoczęcie handle_admin_actions
--------------------------------------------------------------------------------
[2025-05-30 19:55:53] POST Data:
Data: Array
(
    [data] => Array
        (
            [wp-refresh-post-lock] => Array
                (
                    [post_id] => 283
                    [lock] => 1748634832:1
                )

            [wp-refresh-post-nonces] => Array
                (
                    [post_id] => 283
                )

        )

    [interval] => 10
    [_nonce] => de80dd3d24
    [action] => heartbeat
    [screen_id] => events
    [has_focus] => false
)

--------------------------------------------------------------------------------
[2025-05-30 19:55:53] FILES Data:
Data: Array
(
)

--------------------------------------------------------------------------------
[2025-05-30 19:55:53] REQUEST URI:
Data: /wp-admin/admin-ajax.php
--------------------------------------------------------------------------------
[2025-05-30 19:55:53] Brak strony NPC w GET
--------------------------------------------------------------------------------
[2025-05-30 19:56:15] Rozpoczęcie handle_admin_actions
--------------------------------------------------------------------------------
[2025-05-30 19:56:15] POST Data:
Data: Array
(
    [interval] => 60
    [_nonce] => de80dd3d24
    [action] => heartbeat
    [screen_id] => npc-manager_page_npc-add
    [has_focus] => true
)

--------------------------------------------------------------------------------
[2025-05-30 19:56:15] FILES Data:
Data: Array
(
)

--------------------------------------------------------------------------------
[2025-05-30 19:56:15] REQUEST URI:
Data: /wp-admin/admin-ajax.php
--------------------------------------------------------------------------------
[2025-05-30 19:56:15] Brak strony NPC w GET
--------------------------------------------------------------------------------
[2025-05-30 19:56:44] Rozpoczęcie handle_admin_actions
--------------------------------------------------------------------------------
[2025-05-30 19:56:44] POST Data:
Data: Array
(
    [interval] => 60
    [_nonce] => de80dd3d24
    [action] => heartbeat
    [screen_id] => toplevel_page_game-users
    [has_focus] => false
)

--------------------------------------------------------------------------------
[2025-05-30 19:56:44] FILES Data:
Data: Array
(
)

--------------------------------------------------------------------------------
[2025-05-30 19:56:44] REQUEST URI:
Data: /wp-admin/admin-ajax.php
--------------------------------------------------------------------------------
[2025-05-30 19:56:44] Brak strony NPC w GET
--------------------------------------------------------------------------------
[2025-05-30 19:56:55] Rozpoczęcie handle_admin_actions
--------------------------------------------------------------------------------
[2025-05-30 19:56:55] POST Data:
Data: Array
(
)

--------------------------------------------------------------------------------
[2025-05-30 19:56:55] FILES Data:
Data: Array
(
)

--------------------------------------------------------------------------------
[2025-05-30 19:56:55] REQUEST URI:
Data: /wp-admin/admin.php?page=npc-add&npc_id=1
--------------------------------------------------------------------------------
[2025-05-30 19:56:55] Nieprawidłowy nonce: 
--------------------------------------------------------------------------------
[2025-05-30 19:56:57] Rozpoczęcie handle_admin_actions
--------------------------------------------------------------------------------
[2025-05-30 19:56:57] POST Data:
Data: Array
(
    [action] => npc_get_answer
    [answer_id] => 19
    [nonce] => 0fa36598f8
)

--------------------------------------------------------------------------------
[2025-05-30 19:56:57] FILES Data:
Data: Array
(
)

--------------------------------------------------------------------------------
[2025-05-30 19:56:57] REQUEST URI:
Data: /wp-admin/admin-ajax.php
--------------------------------------------------------------------------------
[2025-05-30 19:56:57] Brak strony NPC w GET
--------------------------------------------------------------------------------
[2025-05-30 19:57:11] Rozpoczęcie handle_admin_actions
--------------------------------------------------------------------------------
[2025-05-30 19:57:11] POST Data:
Data: Array
(
)

--------------------------------------------------------------------------------
[2025-05-30 19:57:11] FILES Data:
Data: Array
(
)

--------------------------------------------------------------------------------
[2025-05-30 19:57:11] REQUEST URI:
Data: /wp-admin/admin.php?page=npc-add&npc_id=1
--------------------------------------------------------------------------------
[2025-05-30 19:57:11] Nieprawidłowy nonce: 
--------------------------------------------------------------------------------
[2025-05-30 19:57:13] Rozpoczęcie handle_admin_actions
--------------------------------------------------------------------------------
[2025-05-30 19:57:13] POST Data:
Data: Array
(
    [action] => npc_get_answer
    [answer_id] => 19
    [nonce] => 0fa36598f8
)

--------------------------------------------------------------------------------
[2025-05-30 19:57:13] FILES Data:
Data: Array
(
)

--------------------------------------------------------------------------------
[2025-05-30 19:57:13] REQUEST URI:
Data: /wp-admin/admin-ajax.php
--------------------------------------------------------------------------------
[2025-05-30 19:57:13] Brak strony NPC w GET
--------------------------------------------------------------------------------
[2025-05-30 19:57:13] Rozpoczęcie handle_admin_actions
--------------------------------------------------------------------------------
[2025-05-30 19:57:13] POST Data:
Data: Array
(
    [action] => npc_get_items
    [nonce] => 0fa36598f8
)

--------------------------------------------------------------------------------
[2025-05-30 19:57:13] FILES Data:
Data: Array
(
)

--------------------------------------------------------------------------------
[2025-05-30 19:57:13] REQUEST URI:
Data: /wp-admin/admin-ajax.php
--------------------------------------------------------------------------------
[2025-05-30 19:57:13] Brak strony NPC w GET
--------------------------------------------------------------------------------
[2025-05-30 19:57:13] Rozpoczęcie handle_admin_actions
--------------------------------------------------------------------------------
[2025-05-30 19:57:13] POST Data:
Data: Array
(
    [action] => npc_get_items
    [nonce] => 0fa36598f8
)

--------------------------------------------------------------------------------
[2025-05-30 19:57:13] FILES Data:
Data: Array
(
)

--------------------------------------------------------------------------------
[2025-05-30 19:57:13] REQUEST URI:
Data: /wp-admin/admin-ajax.php
--------------------------------------------------------------------------------
[2025-05-30 19:57:13] Brak strony NPC w GET
--------------------------------------------------------------------------------
[2025-05-30 19:57:31] Rozpoczęcie handle_admin_actions
--------------------------------------------------------------------------------
[2025-05-30 19:57:31] POST Data:
Data: Array
(
)

--------------------------------------------------------------------------------
[2025-05-30 19:57:31] FILES Data:
Data: Array
(
)

--------------------------------------------------------------------------------
[2025-05-30 19:57:31] REQUEST URI:
Data: /wp-admin/admin.php?page=npc-add&npc_id=1
--------------------------------------------------------------------------------
[2025-05-30 19:57:31] Nieprawidłowy nonce: 
--------------------------------------------------------------------------------
[2025-05-30 19:57:32] Rozpoczęcie handle_admin_actions
--------------------------------------------------------------------------------
[2025-05-30 19:57:32] POST Data:
Data: Array
(
    [action] => npc_get_answer
    [answer_id] => 19
    [nonce] => 0fa36598f8
)

--------------------------------------------------------------------------------
[2025-05-30 19:57:32] FILES Data:
Data: Array
(
)

--------------------------------------------------------------------------------
[2025-05-30 19:57:32] REQUEST URI:
Data: /wp-admin/admin-ajax.php
--------------------------------------------------------------------------------
[2025-05-30 19:57:32] Brak strony NPC w GET
--------------------------------------------------------------------------------
[2025-05-30 19:57:32] Rozpoczęcie handle_admin_actions
--------------------------------------------------------------------------------
[2025-05-30 19:57:32] POST Data:
Data: Array
(
    [action] => npc_get_items
    [nonce] => 0fa36598f8
)

--------------------------------------------------------------------------------
[2025-05-30 19:57:32] FILES Data:
Data: Array
(
)

--------------------------------------------------------------------------------
[2025-05-30 19:57:32] REQUEST URI:
Data: /wp-admin/admin-ajax.php
--------------------------------------------------------------------------------
[2025-05-30 19:57:32] Brak strony NPC w GET
--------------------------------------------------------------------------------
[2025-05-30 19:57:32] Rozpoczęcie handle_admin_actions
--------------------------------------------------------------------------------
[2025-05-30 19:57:32] POST Data:
Data: Array
(
    [action] => npc_get_items
    [nonce] => 0fa36598f8
)

--------------------------------------------------------------------------------
[2025-05-30 19:57:32] FILES Data:
Data: Array
(
)

--------------------------------------------------------------------------------
[2025-05-30 19:57:32] REQUEST URI:
Data: /wp-admin/admin-ajax.php
--------------------------------------------------------------------------------
[2025-05-30 19:57:32] Brak strony NPC w GET
--------------------------------------------------------------------------------
[2025-05-30 19:57:52] Rozpoczęcie handle_admin_actions
--------------------------------------------------------------------------------
[2025-05-30 19:57:52] POST Data:
Data: Array
(
    [npc_nonce] => fa45bf8476
    [_wp_http_referer] => /wp-admin/admin.php?page=npc-add&npc_id=1
    [action] => update_answer
    [npc_id] => 1
    [dialog_id] => 
    [answer_id] => 19
    [answer_text] => Nowa odpowiedź
    [answer_next_dialog_id] => 5
    [answer_actions] => [{\"type\":\"modify_items\",\"params\":{\"amount\":\"1\",\"item_id\":\"122\"}},{\"type\":\"modify_reputation\",\"params\":{\"amount\":\"100\"}},{\"type\":\"modify_items\",\"params\":{\"item_id\":\"0\",\"amount\":\"1\"}}]
    [template_amount] => 1
    [template_stat] => strength
    [template_skill] => combat
    [template_enemy_id] => 0
    [template_combat_type] => normal
    [template_item_id] => 0
    [template_location_id] => 0
    [answer_order] => 0
)

--------------------------------------------------------------------------------
[2025-05-30 19:57:52] FILES Data:
Data: Array
(
)

--------------------------------------------------------------------------------
[2025-05-30 19:57:52] REQUEST URI:
Data: /wp-admin/admin.php?page=npc-add
--------------------------------------------------------------------------------
[2025-05-30 19:57:52] Akcja:
Data: update_answer
--------------------------------------------------------------------------------
[2025-05-30 19:57:52] Rozpoczęcie obsługi update_answer
--------------------------------------------------------------------------------
[2025-05-30 19:57:52] Rozpoczęcie aktualizacji odpowiedzi
--------------------------------------------------------------------------------
[2025-05-30 19:57:52] POST Data:
Data: Array
(
    [npc_nonce] => fa45bf8476
    [_wp_http_referer] => /wp-admin/admin.php?page=npc-add&npc_id=1
    [action] => update_answer
    [npc_id] => 1
    [dialog_id] => 
    [answer_id] => 19
    [answer_text] => Nowa odpowiedź
    [answer_next_dialog_id] => 5
    [answer_actions] => [{\"type\":\"modify_items\",\"params\":{\"amount\":\"1\",\"item_id\":\"122\"}},{\"type\":\"modify_reputation\",\"params\":{\"amount\":\"100\"}},{\"type\":\"modify_items\",\"params\":{\"item_id\":\"0\",\"amount\":\"1\"}}]
    [template_amount] => 1
    [template_stat] => strength
    [template_skill] => combat
    [template_enemy_id] => 0
    [template_combat_type] => normal
    [template_item_id] => 0
    [template_location_id] => 0
    [answer_order] => 0
)

--------------------------------------------------------------------------------
[2025-05-30 19:57:52] FILES Data:
Data: Array
(
)

--------------------------------------------------------------------------------
[2025-05-30 19:57:52] REQUEST URI:
Data: /wp-admin/admin.php?page=npc-add
--------------------------------------------------------------------------------
[2025-05-30 19:57:52] ID odpowiedzi:
Data: 19
--------------------------------------------------------------------------------
[2025-05-30 19:57:52] ID NPC:
Data: 1
--------------------------------------------------------------------------------
[2025-05-30 19:57:52] Akcje:
Data: Array
(
    [0] => Array
        (
            [type] => modify_items
            [params] => Array
                (
                    [amount] => 1
                    [item_id] => 122
                )

        )

    [1] => Array
        (
            [type] => modify_reputation
            [params] => Array
                (
                    [amount] => 100
                )

        )

    [2] => Array
        (
            [type] => modify_items
            [params] => Array
                (
                    [item_id] => 0
                    [amount] => 1
                )

        )

)

--------------------------------------------------------------------------------
[2025-05-30 19:57:52] Dane do aktualizacji:
Data: Array
(
    [text] => Nowa odpowiedź
    [next_dialog_id] => 5
    [answer_order] => 0
    [actions] => Array
        (
            [0] => Array
                (
                    [type] => modify_items
                    [params] => Array
                        (
                            [amount] => 1
                            [item_id] => 122
                        )

                )

            [1] => Array
                (
                    [type] => modify_reputation
                    [params] => Array
                        (
                            [amount] => 100
                        )

                )

            [2] => Array
                (
                    [type] => modify_items
                    [params] => Array
                        (
                            [item_id] => 0
                            [amount] => 1
                        )

                )

        )

)

--------------------------------------------------------------------------------
[2025-05-30 19:57:52] Wynik aktualizacji:
Data: 1
--------------------------------------------------------------------------------
[2025-05-30 19:57:52] Aktualizacja udana, przekierowanie do:
Data: http://seb.soeasy.it/wp-admin/admin.php?page=npc-add&npc_id=1&message=answer_updated
--------------------------------------------------------------------------------
[2025-05-30 19:57:52] Rozpoczęcie handle_admin_actions
--------------------------------------------------------------------------------
[2025-05-30 19:57:52] POST Data:
Data: Array
(
)

--------------------------------------------------------------------------------
[2025-05-30 19:57:52] FILES Data:
Data: Array
(
)

--------------------------------------------------------------------------------
[2025-05-30 19:57:52] REQUEST URI:
Data: /wp-admin/admin.php?page=npc-add&npc_id=1&message=answer_updated
--------------------------------------------------------------------------------
[2025-05-30 19:57:52] Nieprawidłowy nonce: 
--------------------------------------------------------------------------------
[2025-05-30 19:57:54] Rozpoczęcie handle_admin_actions
--------------------------------------------------------------------------------
[2025-05-30 19:57:54] POST Data:
Data: Array
(
    [action] => npc_get_answer
    [answer_id] => 19
    [nonce] => 0fa36598f8
)

--------------------------------------------------------------------------------
[2025-05-30 19:57:54] FILES Data:
Data: Array
(
)

--------------------------------------------------------------------------------
[2025-05-30 19:57:54] REQUEST URI:
Data: /wp-admin/admin-ajax.php
--------------------------------------------------------------------------------
[2025-05-30 19:57:54] Brak strony NPC w GET
--------------------------------------------------------------------------------
[2025-05-30 19:57:54] Rozpoczęcie handle_admin_actions
--------------------------------------------------------------------------------
[2025-05-30 19:57:54] POST Data:
Data: Array
(
    [action] => npc_get_items
    [nonce] => 0fa36598f8
)

--------------------------------------------------------------------------------
[2025-05-30 19:57:54] FILES Data:
Data: Array
(
)

--------------------------------------------------------------------------------
[2025-05-30 19:57:54] REQUEST URI:
Data: /wp-admin/admin-ajax.php
--------------------------------------------------------------------------------
[2025-05-30 19:57:54] Brak strony NPC w GET
--------------------------------------------------------------------------------
[2025-05-30 19:57:54] Rozpoczęcie handle_admin_actions
--------------------------------------------------------------------------------
[2025-05-30 19:57:54] POST Data:
Data: Array
(
    [action] => npc_get_items
    [nonce] => 0fa36598f8
)

--------------------------------------------------------------------------------
[2025-05-30 19:57:54] FILES Data:
Data: Array
(
)

--------------------------------------------------------------------------------
[2025-05-30 19:57:54] REQUEST URI:
Data: /wp-admin/admin-ajax.php
--------------------------------------------------------------------------------
[2025-05-30 19:57:54] Brak strony NPC w GET
--------------------------------------------------------------------------------
[2025-05-30 19:58:45] Rozpoczęcie handle_admin_actions
--------------------------------------------------------------------------------
[2025-05-30 19:58:45] POST Data:
Data: Array
(
    [interval] => 60
    [_nonce] => de80dd3d24
    [action] => heartbeat
    [screen_id] => toplevel_page_game-users
    [has_focus] => false
)

--------------------------------------------------------------------------------
[2025-05-30 19:58:45] FILES Data:
Data: Array
(
)

--------------------------------------------------------------------------------
[2025-05-30 19:58:45] REQUEST URI:
Data: /wp-admin/admin-ajax.php
--------------------------------------------------------------------------------
[2025-05-30 19:58:45] Brak strony NPC w GET
--------------------------------------------------------------------------------
[2025-05-30 19:58:52] Rozpoczęcie handle_admin_actions
--------------------------------------------------------------------------------
[2025-05-30 19:58:52] POST Data:
Data: Array
(
    [interval] => 60
    [_nonce] => de80dd3d24
    [action] => heartbeat
    [screen_id] => npc-manager_page_npc-add
    [has_focus] => false
)

--------------------------------------------------------------------------------
[2025-05-30 19:58:52] FILES Data:
Data: Array
(
)

--------------------------------------------------------------------------------
[2025-05-30 19:58:52] REQUEST URI:
Data: /wp-admin/admin-ajax.php
--------------------------------------------------------------------------------
[2025-05-30 19:58:52] Brak strony NPC w GET
--------------------------------------------------------------------------------
[2025-05-30 19:59:24] Rozpoczęcie handle_admin_actions
--------------------------------------------------------------------------------
[2025-05-30 19:59:24] POST Data:
Data: Array
(
)

--------------------------------------------------------------------------------
[2025-05-30 19:59:24] FILES Data:
Data: Array
(
)

--------------------------------------------------------------------------------
[2025-05-30 19:59:24] REQUEST URI:
Data: /wp-admin/admin.php?page=npc-add&npc_id=1
--------------------------------------------------------------------------------
[2025-05-30 19:59:24] Nieprawidłowy nonce: 
--------------------------------------------------------------------------------
[2025-05-30 19:59:26] Rozpoczęcie handle_admin_actions
--------------------------------------------------------------------------------
[2025-05-30 19:59:26] POST Data:
Data: Array
(
    [action] => npc_get_answer
    [answer_id] => 19
    [nonce] => 0fa36598f8
)

--------------------------------------------------------------------------------
[2025-05-30 19:59:26] FILES Data:
Data: Array
(
)

--------------------------------------------------------------------------------
[2025-05-30 19:59:26] REQUEST URI:
Data: /wp-admin/admin-ajax.php
--------------------------------------------------------------------------------
[2025-05-30 19:59:26] Brak strony NPC w GET
--------------------------------------------------------------------------------
[2025-05-30 19:59:26] Rozpoczęcie handle_admin_actions
--------------------------------------------------------------------------------
[2025-05-30 19:59:26] POST Data:
Data: Array
(
    [action] => npc_get_items
    [nonce] => 0fa36598f8
)

--------------------------------------------------------------------------------
[2025-05-30 19:59:26] FILES Data:
Data: Array
(
)

--------------------------------------------------------------------------------
[2025-05-30 19:59:26] REQUEST URI:
Data: /wp-admin/admin-ajax.php
--------------------------------------------------------------------------------
[2025-05-30 19:59:26] Brak strony NPC w GET
--------------------------------------------------------------------------------
[2025-05-30 19:59:26] Rozpoczęcie handle_admin_actions
--------------------------------------------------------------------------------
[2025-05-30 19:59:26] POST Data:
Data: Array
(
    [action] => npc_get_items
    [nonce] => 0fa36598f8
)

--------------------------------------------------------------------------------
[2025-05-30 19:59:26] FILES Data:
Data: Array
(
)

--------------------------------------------------------------------------------
[2025-05-30 19:59:26] REQUEST URI:
Data: /wp-admin/admin-ajax.php
--------------------------------------------------------------------------------
[2025-05-30 19:59:26] Brak strony NPC w GET
--------------------------------------------------------------------------------
[2025-05-30 19:59:40] Rozpoczęcie handle_admin_actions
--------------------------------------------------------------------------------
[2025-05-30 19:59:40] POST Data:
Data: Array
(
    [npc_nonce] => fa45bf8476
    [_wp_http_referer] => /wp-admin/admin.php?page=npc-add&npc_id=1
    [action] => update_answer
    [npc_id] => 1
    [dialog_id] => 
    [answer_id] => 19
    [answer_text] => Nowa odpowiedź
    [answer_next_dialog_id] => 5
    [answer_actions] => [{\"type\":\"modify_items\",\"params\":{\"amount\":\"1\",\"item_id\":\"122\"}},{\"type\":\"modify_reputation\",\"params\":{\"amount\":\"100\"}},{\"type\":\"modify_stat\",\"params\":{\"stat\":\"strength\",\"amount\":\"300\"}},{\"type\":\"modify_items\",\"params\":{\"item_id\":\"0\",\"amount\":\"1\"}}]
    [template_amount] => 1
    [template_stat] => strength
    [template_skill] => combat
    [template_enemy_id] => 0
    [template_combat_type] => normal
    [template_item_id] => 0
    [template_location_id] => 0
    [answer_order] => 0
)

--------------------------------------------------------------------------------
[2025-05-30 19:59:40] FILES Data:
Data: Array
(
)

--------------------------------------------------------------------------------
[2025-05-30 19:59:40] REQUEST URI:
Data: /wp-admin/admin.php?page=npc-add
--------------------------------------------------------------------------------
[2025-05-30 19:59:40] Akcja:
Data: update_answer
--------------------------------------------------------------------------------
[2025-05-30 19:59:40] Rozpoczęcie obsługi update_answer
--------------------------------------------------------------------------------
[2025-05-30 19:59:40] Rozpoczęcie aktualizacji odpowiedzi
--------------------------------------------------------------------------------
[2025-05-30 19:59:40] POST Data:
Data: Array
(
    [npc_nonce] => fa45bf8476
    [_wp_http_referer] => /wp-admin/admin.php?page=npc-add&npc_id=1
    [action] => update_answer
    [npc_id] => 1
    [dialog_id] => 
    [answer_id] => 19
    [answer_text] => Nowa odpowiedź
    [answer_next_dialog_id] => 5
    [answer_actions] => [{\"type\":\"modify_items\",\"params\":{\"amount\":\"1\",\"item_id\":\"122\"}},{\"type\":\"modify_reputation\",\"params\":{\"amount\":\"100\"}},{\"type\":\"modify_stat\",\"params\":{\"stat\":\"strength\",\"amount\":\"300\"}},{\"type\":\"modify_items\",\"params\":{\"item_id\":\"0\",\"amount\":\"1\"}}]
    [template_amount] => 1
    [template_stat] => strength
    [template_skill] => combat
    [template_enemy_id] => 0
    [template_combat_type] => normal
    [template_item_id] => 0
    [template_location_id] => 0
    [answer_order] => 0
)

--------------------------------------------------------------------------------
[2025-05-30 19:59:40] FILES Data:
Data: Array
(
)

--------------------------------------------------------------------------------
[2025-05-30 19:59:40] REQUEST URI:
Data: /wp-admin/admin.php?page=npc-add
--------------------------------------------------------------------------------
[2025-05-30 19:59:40] ID odpowiedzi:
Data: 19
--------------------------------------------------------------------------------
[2025-05-30 19:59:40] ID NPC:
Data: 1
--------------------------------------------------------------------------------
[2025-05-30 19:59:40] Akcje:
Data: Array
(
    [0] => Array
        (
            [type] => modify_items
            [params] => Array
                (
                    [amount] => 1
                    [item_id] => 122
                )

        )

    [1] => Array
        (
            [type] => modify_reputation
            [params] => Array
                (
                    [amount] => 100
                )

        )

    [2] => Array
        (
            [type] => modify_stat
            [params] => Array
                (
                    [stat] => strength
                    [amount] => 300
                )

        )

    [3] => Array
        (
            [type] => modify_items
            [params] => Array
                (
                    [item_id] => 0
                    [amount] => 1
                )

        )

)

--------------------------------------------------------------------------------
[2025-05-30 19:59:40] Dane do aktualizacji:
Data: Array
(
    [text] => Nowa odpowiedź
    [next_dialog_id] => 5
    [answer_order] => 0
    [actions] => Array
        (
            [0] => Array
                (
                    [type] => modify_items
                    [params] => Array
                        (
                            [amount] => 1
                            [item_id] => 122
                        )

                )

            [1] => Array
                (
                    [type] => modify_reputation
                    [params] => Array
                        (
                            [amount] => 100
                        )

                )

            [2] => Array
                (
                    [type] => modify_stat
                    [params] => Array
                        (
                            [stat] => strength
                            [amount] => 300
                        )

                )

            [3] => Array
                (
                    [type] => modify_items
                    [params] => Array
                        (
                            [item_id] => 0
                            [amount] => 1
                        )

                )

        )

)

--------------------------------------------------------------------------------
[2025-05-30 19:59:40] Wynik aktualizacji:
Data: 1
--------------------------------------------------------------------------------
[2025-05-30 19:59:40] Aktualizacja udana, przekierowanie do:
Data: http://seb.soeasy.it/wp-admin/admin.php?page=npc-add&npc_id=1&message=answer_updated
--------------------------------------------------------------------------------
[2025-05-30 19:59:40] Rozpoczęcie handle_admin_actions
--------------------------------------------------------------------------------
[2025-05-30 19:59:40] POST Data:
Data: Array
(
)

--------------------------------------------------------------------------------
[2025-05-30 19:59:40] FILES Data:
Data: Array
(
)

--------------------------------------------------------------------------------
[2025-05-30 19:59:40] REQUEST URI:
Data: /wp-admin/admin.php?page=npc-add&npc_id=1&message=answer_updated
--------------------------------------------------------------------------------
[2025-05-30 19:59:40] Nieprawidłowy nonce: 
--------------------------------------------------------------------------------
[2025-05-30 19:59:41] Rozpoczęcie handle_admin_actions
--------------------------------------------------------------------------------
[2025-05-30 19:59:41] POST Data:
Data: Array
(
    [action] => npc_get_answer
    [answer_id] => 19
    [nonce] => 0fa36598f8
)

--------------------------------------------------------------------------------
[2025-05-30 19:59:41] FILES Data:
Data: Array
(
)

--------------------------------------------------------------------------------
[2025-05-30 19:59:41] REQUEST URI:
Data: /wp-admin/admin-ajax.php
--------------------------------------------------------------------------------
[2025-05-30 19:59:41] Brak strony NPC w GET
--------------------------------------------------------------------------------
[2025-05-30 19:59:41] Rozpoczęcie handle_admin_actions
--------------------------------------------------------------------------------
[2025-05-30 19:59:41] POST Data:
Data: Array
(
    [action] => npc_get_items
    [nonce] => 0fa36598f8
)

--------------------------------------------------------------------------------
[2025-05-30 19:59:41] FILES Data:
Data: Array
(
)

--------------------------------------------------------------------------------
[2025-05-30 19:59:41] REQUEST URI:
Data: /wp-admin/admin-ajax.php
--------------------------------------------------------------------------------
[2025-05-30 19:59:41] Brak strony NPC w GET
--------------------------------------------------------------------------------
[2025-05-30 19:59:41] Rozpoczęcie handle_admin_actions
--------------------------------------------------------------------------------
[2025-05-30 19:59:41] POST Data:
Data: Array
(
    [action] => npc_get_items
    [nonce] => 0fa36598f8
)

--------------------------------------------------------------------------------
[2025-05-30 19:59:41] FILES Data:
Data: Array
(
)

--------------------------------------------------------------------------------
[2025-05-30 19:59:41] REQUEST URI:
Data: /wp-admin/admin-ajax.php
--------------------------------------------------------------------------------
[2025-05-30 19:59:41] Brak strony NPC w GET
--------------------------------------------------------------------------------
